#
# There is insufficient memory for the Java Runtime Environment to continue.
# Native memory allocation (malloc) failed to allocate 32744 bytes for ChunkPool::allocate
# Possible reasons:
#   The system is out of physical RAM or swap space
#   The process is running with CompressedOops enabled, and the Java Heap may be blocking the growth of the native heap
# Possible solutions:
#   Reduce memory load on the system
#   Increase physical memory or swap space
#   Check if swap backing store is full
#   Decrease Java heap size (-Xmx/-Xms)
#   Decrease number of Java threads
#   Decrease Java thread stack sizes (-Xss)
#   Set larger code cache with -XX:ReservedCodeCacheSize=
#   JVM is running with Unscaled Compressed Oops mode in which the Java heap is
#     placed in the first 4GB address space. The Java Heap base address is the
#     maximum limit for the native heap growth. Please use -XX:HeapBaseMinAddress
#     to set the Java Heap base and to place the Java Heap above 4GB virtual address.
# This output file may be truncated or incomplete.
#
#  Out of Memory Error (./open/src/hotspot/share/memory/arena.cpp:81), pid=7576, tid=6072
#
# JRE version: Java(TM) SE Runtime Environment 18.9 (11.0.15+8) (build 11.0.15+8-LTS-149)
# Java VM: Java HotSpot(TM) 64-Bit Server VM 18.9 (11.0.15+8-LTS-149, mixed mode, tiered, compressed oops, g1 gc, windows-amd64)
# No core dump will be written. Minidumps are not enabled by default on client versions of Windows
#

---------------  S U M M A R Y ------------

Command Line: -ea -Dfile.encoding=Cp1252 org.testng.remote.RemoteTestNG -serport 59910 -protocol json -d C:\Users\ASK\eclipse-workspace\JavaProjects\FreeCRMTest\test-output C:\Users\ASK\AppData\Local\Temp\testng-eclipse--966882462\testng-customsuite.xml

Host: Intel(R) Core(TM)2 Duo CPU     T6670  @ 2.20GHz, 2 cores, 1G,  Windows 7 , 64 bit Build 7601 (6.1.7601.17514)
Time: Tue Jul 12 18:35:51 2022 India Standard Time elapsed time: 12.303035 seconds (0d 0h 0m 12s)

---------------  T H R E A D  ---------------

Current thread (0x000000005cca4800):  JavaThread "C2 CompilerThread0" daemon [_thread_in_native, id=6072, stack(0x000000005e1c0000,0x000000005e2c0000)]


Current CompileTask:
C2:  12303 2194       4       java.net.URLStreamHandler::parseURL (1201 bytes)

Stack: [0x000000005e1c0000,0x000000005e2c0000]
Native frames: (J=compiled Java code, j=interpreted, Vv=VM code, C=native code)
V  [jvm.dll+0x629d8a]
V  [jvm.dll+0x7638ff]
V  [jvm.dll+0x764fa9]
V  [jvm.dll+0x765633]
V  [jvm.dll+0x23d9c8]
V  [jvm.dll+0xb2c7b]
V  [jvm.dll+0xb2fdc]
V  [jvm.dll+0xb2b2b]
V  [jvm.dll+0x60a0af]
V  [jvm.dll+0x659583]
V  [jvm.dll+0x18cddd]
V  [jvm.dll+0x1f8672]
V  [jvm.dll+0x1f774d]
V  [jvm.dll+0x177c51]
V  [jvm.dll+0x207026]
V  [jvm.dll+0x2051bb]
V  [jvm.dll+0x729820]
V  [jvm.dll+0x7223f4]
V  [jvm.dll+0x628c26]
C  [ucrtbase.DLL+0x1d912]
C  [kernel32.dll+0x1652d]
C  [ntdll.dll+0x2c521]


---------------  P R O C E S S  ---------------

Threads class SMR info:
_java_thread_list=0x000000005fec47c0, length=21, elements={
0x000000000033a000, 0x000000005cc92000, 0x000000005cc93000, 0x000000005cc9f800,
0x000000005cca2800, 0x000000005cca3800, 0x000000005cca4800, 0x000000005d5dc800,
0x000000005d5e2000, 0x000000005d668000, 0x000000005efe7000, 0x000000005f754000,
0x000000005f458000, 0x000000005fe8a000, 0x0000000060470800, 0x000000005f701000,
0x000000005f703000, 0x0000000061ef7000, 0x000000006030a800, 0x0000000060458000,
0x0000000060457000
}

Java Threads: ( => current thread )
  0x000000000033a000 JavaThread "main" [_thread_in_vm, id=7864, stack(0x00000000020c0000,0x00000000021c0000)]
  0x000000005cc92000 JavaThread "Reference Handler" daemon [_thread_blocked, id=7080, stack(0x000000005d770000,0x000000005d870000)]
  0x000000005cc93000 JavaThread "Finalizer" daemon [_thread_blocked, id=7580, stack(0x000000005da40000,0x000000005db40000)]
  0x000000005cc9f800 JavaThread "Signal Dispatcher" daemon [_thread_blocked, id=4376, stack(0x000000005db50000,0x000000005dc50000)]
  0x000000005cca2800 JavaThread "Attach Listener" daemon [_thread_blocked, id=5284, stack(0x000000005dd40000,0x000000005de40000)]
  0x000000005cca3800 JavaThread "Service Thread" daemon [_thread_blocked, id=1904, stack(0x000000005e020000,0x000000005e120000)]
=>0x000000005cca4800 JavaThread "C2 CompilerThread0" daemon [_thread_in_native, id=6072, stack(0x000000005e1c0000,0x000000005e2c0000)]
  0x000000005d5dc800 JavaThread "C1 CompilerThread0" daemon [_thread_blocked, id=3232, stack(0x000000005e2e0000,0x000000005e3e0000)]
  0x000000005d5e2000 JavaThread "Sweeper thread" daemon [_thread_blocked, id=7048, stack(0x000000005de80000,0x000000005df80000)]
  0x000000005d668000 JavaThread "Common-Cleaner" daemon [_thread_blocked, id=5884, stack(0x000000005ea10000,0x000000005eb10000)]
  0x000000005efe7000 JavaThread "ReaderThread" [_thread_in_native, id=7084, stack(0x0000000060c70000,0x0000000060d70000)]
  0x000000005f754000 JavaThread "ForkJoinPool.commonPool-worker-3" daemon [_thread_blocked, id=7592, stack(0x0000000061780000,0x0000000061880000)]
  0x000000005f458000 JavaThread "AsyncHttpClient-1-1" daemon [_thread_in_vm, id=6100, stack(0x000000005e7e0000,0x000000005e8e0000)]
  0x000000005fe8a000 JavaThread "Exec Default Executor" daemon [_thread_in_native, id=4316, stack(0x0000000060740000,0x0000000060840000)]
  0x0000000060470800 JavaThread "Driver Service Executor" daemon [_thread_blocked, id=7264, stack(0x0000000063140000,0x0000000063240000)]
  0x000000005f701000 JavaThread "Driver Service Executor" daemon [_thread_blocked, id=2124, stack(0x0000000061190000,0x0000000061290000)]
  0x000000005f703000 JavaThread "UrlChecker-2" daemon [_thread_blocked, id=4044, stack(0x00000000633f0000,0x00000000634f0000)]
  0x0000000061ef7000 JavaThread "Exec Stream Pumper" daemon [_thread_in_native, id=2132, stack(0x0000000063550000,0x0000000063650000)]
  0x000000006030a800 JavaThread "Exec Stream Pumper" daemon [_thread_in_native, id=2112, stack(0x0000000063680000,0x0000000063780000)]
  0x0000000060458000 JavaThread "AsyncHttpClient-1-2" daemon [_thread_in_native, id=6660, stack(0x0000000063260000,0x0000000063360000)]
  0x0000000060457000 JavaThread "AsyncHttpClient-1-3" daemon [_thread_in_native, id=4844, stack(0x000000005eb10000,0x000000005ec10000)]

Other Threads:
  0x000000005cc89000 VMThread "VM Thread" [stack: 0x000000005d890000,0x000000005d990000] [id=7732]
  0x000000005e492000 WatcherThread [stack: 0x000000005e900000,0x000000005ea00000] [id=6128]
  0x0000000000353800 GCTaskThread "GC Thread#0" [stack: 0x0000000018f20000,0x0000000019020000] [id=7424]
  0x000000005ed46800 GCTaskThread "GC Thread#1" [stack: 0x000000005f4e0000,0x000000005f5e0000] [id=7776]
  0x0000000000362000 ConcurrentGCThread "G1 Main Marker" [stack: 0x000000001a590000,0x000000001a690000] [id=5668]
  0x0000000000366800 ConcurrentGCThread "G1 Conc#0" [stack: 0x000000001a420000,0x000000001a520000] [id=7880]
  0x0000000000395000 ConcurrentGCThread "G1 Refine#0" [stack: 0x000000001c8d0000,0x000000001c9d0000] [id=7308]
  0x0000000000397800 ConcurrentGCThread "G1 Young RemSet Sampling" [stack: 0x000000001cab0000,0x000000001cbb0000] [id=7184]

Threads with active compile tasks:
C2 CompilerThread0  12342 2194       4       java.net.URLStreamHandler::parseURL (1201 bytes)

VM state:not at safepoint (normal execution)

VM Mutex/Monitor currently owned by a thread: None

Heap address: 0x00000000e0800000, size: 504 MB, Compressed Oops mode: 32-bit
Narrow klass base: 0x0000000000000000, Narrow klass shift: 0
Compressed class space size: 1073741824 Address: 0x000000001cbb0000

Heap:
 garbage-first heap   total 49152K, used 27332K [0x00000000e0800000, 0x0000000100000000)
  region size 1024K, 9 young (9216K), 2 survivors (2048K)
 Metaspace       used 30323K, capacity 31373K, committed 31408K, reserved 1077248K
  class space    used 3614K, capacity 4081K, committed 4096K, reserved 1048576K
Heap Regions: E=young(eden), S=young(survivor), O=old, HS=humongous(starts), HC=humongous(continues), CS=collection set, F=free, A=archive, TAMS=top-at-mark-start (previous, next)
|   0|0x00000000e0800000, 0x00000000e0900000, 0x00000000e0900000|100%| O|  |TAMS 0x00000000e0900000, 0x00000000e0800000| Untracked 
|   1|0x00000000e0900000, 0x00000000e0a00000, 0x00000000e0a00000|100%| O|  |TAMS 0x00000000e0a00000, 0x00000000e0900000| Untracked 
|   2|0x00000000e0a00000, 0x00000000e0b00000, 0x00000000e0b00000|100%| O|  |TAMS 0x00000000e0b00000, 0x00000000e0a00000| Untracked 
|   3|0x00000000e0b00000, 0x00000000e0c00000, 0x00000000e0c00000|100%| O|  |TAMS 0x00000000e0c00000, 0x00000000e0b00000| Untracked 
|   4|0x00000000e0c00000, 0x00000000e0d00000, 0x00000000e0d00000|100%|HS|  |TAMS 0x00000000e0d00000, 0x00000000e0c00000| Complete 
|   5|0x00000000e0d00000, 0x00000000e0e00000, 0x00000000e0e00000|100%|HS|  |TAMS 0x00000000e0e00000, 0x00000000e0d00000| Complete 
|   6|0x00000000e0e00000, 0x00000000e0f00000, 0x00000000e0f00000|100%|HC|  |TAMS 0x00000000e0f00000, 0x00000000e0e00000| Complete 
|   7|0x00000000e0f00000, 0x00000000e1000000, 0x00000000e1000000|100%|HC|  |TAMS 0x00000000e1000000, 0x00000000e0f00000| Complete 
|   8|0x00000000e1000000, 0x00000000e1100000, 0x00000000e1100000|100%| O|  |TAMS 0x00000000e1100000, 0x00000000e1000000| Untracked 
|   9|0x00000000e1100000, 0x00000000e1200000, 0x00000000e1200000|100%| O|  |TAMS 0x00000000e1200000, 0x00000000e1100000| Untracked 
|  10|0x00000000e1200000, 0x00000000e1300000, 0x00000000e1300000|100%| O|  |TAMS 0x00000000e1300000, 0x00000000e1200000| Untracked 
|  11|0x00000000e1300000, 0x00000000e1400000, 0x00000000e1400000|100%| O|  |TAMS 0x00000000e1400000, 0x00000000e1300000| Untracked 
|  12|0x00000000e1400000, 0x00000000e1500000, 0x00000000e1500000|100%| O|  |TAMS 0x00000000e1409808, 0x00000000e1400000| Untracked 
|  13|0x00000000e1500000, 0x00000000e1600000, 0x00000000e1600000|100%| O|  |TAMS 0x00000000e1500000, 0x00000000e1500000| Untracked 
|  14|0x00000000e1600000, 0x00000000e1683000, 0x00000000e1700000| 51%| O|  |TAMS 0x00000000e1600000, 0x00000000e1600000| Untracked 
|  15|0x00000000e1700000, 0x00000000e1800000, 0x00000000e1800000|100%|HS|  |TAMS 0x00000000e1700000, 0x00000000e1700000| Complete 
|  16|0x00000000e1800000, 0x00000000e1900000, 0x00000000e1900000|100%|HC|  |TAMS 0x00000000e1800000, 0x00000000e1800000| Complete 
|  17|0x00000000e1900000, 0x00000000e1a00000, 0x00000000e1a00000|100%|HC|  |TAMS 0x00000000e1900000, 0x00000000e1900000| Complete 
|  18|0x00000000e1a00000, 0x00000000e1b00000, 0x00000000e1b00000|100%|HC|  |TAMS 0x00000000e1a00000, 0x00000000e1a00000| Complete 
|  19|0x00000000e1b00000, 0x00000000e1c00000, 0x00000000e1c00000|100%|HC|  |TAMS 0x00000000e1b00000, 0x00000000e1b00000| Complete 
|  20|0x00000000e1c00000, 0x00000000e1c00000, 0x00000000e1d00000|  0%| F|  |TAMS 0x00000000e1c00000, 0x00000000e1c00000| Untracked 
|  21|0x00000000e1d00000, 0x00000000e1d00000, 0x00000000e1e00000|  0%| F|  |TAMS 0x00000000e1d00000, 0x00000000e1d00000| Untracked 
|  22|0x00000000e1e00000, 0x00000000e1e00000, 0x00000000e1f00000|  0%| F|  |TAMS 0x00000000e1e00000, 0x00000000e1e00000| Untracked 
|  23|0x00000000e1f00000, 0x00000000e1f00000, 0x00000000e2000000|  0%| F|  |TAMS 0x00000000e1f00000, 0x00000000e1f00000| Untracked 
|  24|0x00000000e2000000, 0x00000000e2000000, 0x00000000e2100000|  0%| F|  |TAMS 0x00000000e2000000, 0x00000000e2000000| Untracked 
|  25|0x00000000e2100000, 0x00000000e2100000, 0x00000000e2200000|  0%| F|  |TAMS 0x00000000e2100000, 0x00000000e2100000| Untracked 
|  26|0x00000000e2200000, 0x00000000e2200000, 0x00000000e2300000|  0%| F|  |TAMS 0x00000000e2200000, 0x00000000e2200000| Untracked 
|  27|0x00000000e2300000, 0x00000000e2300000, 0x00000000e2400000|  0%| F|  |TAMS 0x00000000e2300000, 0x00000000e2300000| Untracked 
|  28|0x00000000e2400000, 0x00000000e2400000, 0x00000000e2500000|  0%| F|  |TAMS 0x00000000e2400000, 0x00000000e2400000| Untracked 
|  29|0x00000000e2500000, 0x00000000e2500000, 0x00000000e2600000|  0%| F|  |TAMS 0x00000000e2500000, 0x00000000e2500000| Untracked 
|  30|0x00000000e2600000, 0x00000000e262e2a0, 0x00000000e2700000| 18%| S|CS|TAMS 0x00000000e2600000, 0x00000000e2600000| Complete 
|  31|0x00000000e2700000, 0x00000000e2800000, 0x00000000e2800000|100%| S|CS|TAMS 0x00000000e2700000, 0x00000000e2700000| Complete 
|  32|0x00000000e2800000, 0x00000000e2800000, 0x00000000e2900000|  0%| F|  |TAMS 0x00000000e2800000, 0x00000000e2800000| Untracked 
|  33|0x00000000e2900000, 0x00000000e2900000, 0x00000000e2a00000|  0%| F|  |TAMS 0x00000000e2900000, 0x00000000e2900000| Untracked 
|  34|0x00000000e2a00000, 0x00000000e2a00000, 0x00000000e2b00000|  0%| F|  |TAMS 0x00000000e2a00000, 0x00000000e2a00000| Untracked 
|  35|0x00000000e2b00000, 0x00000000e2b00000, 0x00000000e2c00000|  0%| F|  |TAMS 0x00000000e2b00000, 0x00000000e2b00000| Untracked 
|  36|0x00000000e2c00000, 0x00000000e2c00000, 0x00000000e2d00000|  0%| F|  |TAMS 0x00000000e2c00000, 0x00000000e2c00000| Untracked 
|  37|0x00000000e2d00000, 0x00000000e2d00000, 0x00000000e2e00000|  0%| F|  |TAMS 0x00000000e2d00000, 0x00000000e2d00000| Untracked 
|  38|0x00000000e2e00000, 0x00000000e2e00000, 0x00000000e2f00000|  0%| F|  |TAMS 0x00000000e2e00000, 0x00000000e2e00000| Untracked 
|  39|0x00000000e2f00000, 0x00000000e2f00000, 0x00000000e3000000|  0%| F|  |TAMS 0x00000000e2f00000, 0x00000000e2f00000| Untracked 
|  40|0x00000000e3000000, 0x00000000e3000000, 0x00000000e3100000|  0%| F|  |TAMS 0x00000000e3000000, 0x00000000e3000000| Untracked 
|  41|0x00000000e3100000, 0x00000000e3143780, 0x00000000e3200000| 26%| E|  |TAMS 0x00000000e3100000, 0x00000000e3100000| Complete 
|  42|0x00000000e3200000, 0x00000000e3300000, 0x00000000e3300000|100%| E|CS|TAMS 0x00000000e3200000, 0x00000000e3200000| Complete 
|  43|0x00000000e3300000, 0x00000000e3400000, 0x00000000e3400000|100%| E|CS|TAMS 0x00000000e3300000, 0x00000000e3300000| Complete 
|  44|0x00000000e3400000, 0x00000000e3500000, 0x00000000e3500000|100%| E|CS|TAMS 0x00000000e3400000, 0x00000000e3400000| Complete 
|  45|0x00000000e3500000, 0x00000000e3600000, 0x00000000e3600000|100%| E|CS|TAMS 0x00000000e3500000, 0x00000000e3500000| Complete 
|  46|0x00000000e3600000, 0x00000000e3700000, 0x00000000e3700000|100%| E|CS|TAMS 0x00000000e3600000, 0x00000000e3600000| Complete 
|  47|0x00000000e3700000, 0x00000000e3800000, 0x00000000e3800000|100%| E|CS|TAMS 0x00000000e3700000, 0x00000000e3700000| Complete 

Card table byte_map: [0x0000000019230000,0x0000000019330000] _byte_map_base: 0x0000000018b2c000

Marking Bits (Prev, Next): (CMBitMap*) 0x000000000035f5c0, (CMBitMap*) 0x000000000035f588
 Prev Bits: [0x0000000019c10000, 0x000000001a3f0000)
 Next Bits: [0x0000000019430000, 0x0000000019c10000)

Polling page: 0x00000000000b0000

Metaspace:

Usage:
  Non-class:     26.65 MB capacity,    26.08 MB ( 98%) used,   468.53 KB (  2%) free+waste,   115.00 KB ( <1%) overhead. 
      Class:      3.99 MB capacity,     3.53 MB ( 89%) used,   406.58 KB ( 10%) free+waste,    59.88 KB (  1%) overhead. 
       Both:     30.64 MB capacity,    29.61 MB ( 97%) used,   875.11 KB (  3%) free+waste,   174.88 KB ( <1%) overhead. 

Virtual space:
  Non-class space:       28.00 MB reserved,      26.67 MB ( 95%) committed 
      Class space:        1.00 GB reserved,       4.00 MB ( <1%) committed 
             Both:        1.03 GB reserved,      30.67 MB (  3%) committed 

Chunk freelists:
   Non-Class:  2.50 KB
       Class:  1.88 KB
        Both:  4.38 KB

CodeHeap 'non-profiled nmethods': size=120064Kb used=902Kb max_used=902Kb free=119161Kb
 bounds [0x00000000116f0000, 0x0000000011960000, 0x0000000018c30000]
CodeHeap 'profiled nmethods': size=120000Kb used=4629Kb max_used=4629Kb free=115370Kb
 bounds [0x000000000a1c0000, 0x000000000a650000, 0x00000000116f0000]
CodeHeap 'non-nmethods': size=5696Kb used=1199Kb max_used=1210Kb free=4497Kb
 bounds [0x0000000009c30000, 0x0000000009ea0000, 0x000000000a1c0000]
 total_blobs=2830 nmethods=2255 adapters=487
 compilation: enabled
              stopped_count=0, restarted_count=0
 full_count=0

Compilation events (10 events):
Event: 12.261 Thread 0x000000005d5dc800 2270       1       sun.reflect.annotation.AnnotationType::memberDefaults (5 bytes)
Event: 12.261 Thread 0x000000005d5dc800 nmethod 2270 0x00000000117d0c90 code [0x00000000117d0e20, 0x00000000117d0ed8]
Event: 12.261 Thread 0x000000005d5dc800 2271       1       sun.reflect.annotation.AnnotationType::retention (5 bytes)
Event: 12.261 Thread 0x000000005d5dc800 nmethod 2271 0x00000000117d0f90 code [0x00000000117d1120, 0x00000000117d11d8]
Event: 12.266 Thread 0x000000005d5dc800 2272       1       org.testng.shaded.com.google.gson.reflect.TypeToken::hashCode (5 bytes)
Event: 12.267 Thread 0x000000005d5dc800 nmethod 2272 0x00000000117d1290 code [0x00000000117d1420, 0x00000000117d14d8]
Event: 12.267 Thread 0x000000005d5dc800 2273       2       java.util.Objects::hashCode (13 bytes)
Event: 12.267 Thread 0x000000005d5dc800 nmethod 2273 0x000000000a645190 code [0x000000000a645320, 0x000000000a645448]
Event: 12.278 Thread 0x000000005d5dc800 2274       1       java.util.Collections$EmptyList::isEmpty (2 bytes)
Event: 12.278 Thread 0x000000005d5dc800 nmethod 2274 0x00000000117d1590 code [0x00000000117d1720, 0x00000000117d17d8]

GC Heap History (10 events):
Event: 3.849 GC heap before
{Heap before GC invocations=7 (full 0):
 garbage-first heap   total 39936K, used 23052K [0x00000000e0800000, 0x0000000100000000)
  region size 1024K, 12 young (12288K), 2 survivors (2048K)
 Metaspace       used 18282K, capacity 18955K, committed 19072K, reserved 1067008K
  class space    used 2036K, capacity 2329K, committed 2432K, reserved 1048576K
}
Event: 3.862 GC heap after
{Heap after GC invocations=8 (full 0):
 garbage-first heap   total 39936K, used 13266K [0x00000000e0800000, 0x0000000100000000)
  region size 1024K, 2 young (2048K), 2 survivors (2048K)
 Metaspace       used 18282K, capacity 18955K, committed 19072K, reserved 1067008K
  class space    used 2036K, capacity 2329K, committed 2432K, reserved 1048576K
}
Event: 4.209 GC heap before
{Heap before GC invocations=8 (full 0):
 garbage-first heap   total 39936K, used 20434K [0x00000000e0800000, 0x0000000100000000)
  region size 1024K, 10 young (10240K), 2 survivors (2048K)
 Metaspace       used 20461K, capacity 21170K, committed 21296K, reserved 1069056K
  class space    used 2316K, capacity 2624K, committed 2688K, reserved 1048576K
}
Event: 4.231 GC heap after
{Heap after GC invocations=9 (full 0):
 garbage-first heap   total 39936K, used 13948K [0x00000000e0800000, 0x0000000100000000)
  region size 1024K, 2 young (2048K), 2 survivors (2048K)
 Metaspace       used 20461K, capacity 21170K, committed 21296K, reserved 1069056K
  class space    used 2316K, capacity 2624K, committed 2688K, reserved 1048576K
}
Event: 4.649 GC heap before
{Heap before GC invocations=10 (full 0):
 garbage-first heap   total 39936K, used 26236K [0x00000000e0800000, 0x0000000100000000)
  region size 1024K, 14 young (14336K), 2 survivors (2048K)
 Metaspace       used 23183K, capacity 23910K, committed 24240K, reserved 1071104K
  class space    used 2635K, capacity 2957K, committed 3072K, reserved 1048576K
}
Event: 4.670 GC heap after
{Heap after GC invocations=11 (full 0):
 garbage-first heap   total 49152K, used 14976K [0x00000000e0800000, 0x0000000100000000)
  region size 1024K, 2 young (2048K), 2 survivors (2048K)
 Metaspace       used 23183K, capacity 23910K, committed 24240K, reserved 1071104K
  class space    used 2635K, capacity 2957K, committed 3072K, reserved 1048576K
}
Event: 5.878 GC heap before
{Heap before GC invocations=11 (full 0):
 garbage-first heap   total 49152K, used 29312K [0x00000000e0800000, 0x0000000100000000)
  region size 1024K, 16 young (16384K), 2 survivors (2048K)
 Metaspace       used 26285K, capacity 27207K, committed 27568K, reserved 1073152K
  class space    used 3077K, capacity 3459K, committed 3584K, reserved 1048576K
}
Event: 5.887 GC heap after
{Heap after GC invocations=12 (full 0):
 garbage-first heap   total 49152K, used 15692K [0x00000000e0800000, 0x0000000100000000)
  region size 1024K, 1 young (1024K), 1 survivors (1024K)
 Metaspace       used 26285K, capacity 27207K, committed 27568K, reserved 1073152K
  class space    used 3077K, capacity 3459K, committed 3584K, reserved 1048576K
}
Event: 11.782 GC heap before
{Heap before GC invocations=12 (full 0):
 garbage-first heap   total 49152K, used 36172K [0x00000000e0800000, 0x0000000100000000)
  region size 1024K, 16 young (16384K), 1 survivors (1024K)
 Metaspace       used 28700K, capacity 29716K, committed 30000K, reserved 1075200K
  class space    used 3413K, capacity 3849K, committed 3968K, reserved 1048576K
}
Event: 11.788 GC heap after
{Heap after GC invocations=13 (full 0):
 garbage-first heap   total 49152K, used 21188K [0x00000000e0800000, 0x0000000100000000)
  region size 1024K, 2 young (2048K), 2 survivors (2048K)
 Metaspace       used 28700K, capacity 29716K, committed 30000K, reserved 1075200K
  class space    used 3413K, capacity 3849K, committed 3968K, reserved 1048576K
}

Deoptimization events (10 events):
Event: 3.052 Thread 0x000000000033a000 Uncommon trap: reason=unstable_if action=reinterpret pc=0x0000000011761064 method=jdk.internal.org.objectweb.asm.Frame.execute(IILjdk/internal/org/objectweb/asm/ClassWriter;Ljdk/internal/org/objectweb/asm/Item;)V @ 1 c2
Event: 3.270 Thread 0x000000000033a000 Uncommon trap: reason=unstable_if action=reinterpret pc=0x00000000117526e0 method=java.util.concurrent.ConcurrentHashMap.get(Ljava/lang/Object;)Ljava/lang/Object; @ 152 c2
Event: 3.373 Thread 0x000000000033a000 Uncommon trap: reason=unstable_if action=reinterpret pc=0x000000001171bbb0 method=java.lang.StringLatin1.lastIndexOf([BI[BII)I @ 32 c2
Event: 3.481 Thread 0x000000000033a000 Uncommon trap: reason=unstable_if action=reinterpret pc=0x0000000011742810 method=java.util.jar.JarFile.getVersionedEntry(Ljava/lang/String;Ljava/util/jar/JarEntry;)Ljava/util/jar/JarEntry; @ 7 c2
Event: 3.986 Thread 0x000000000033a000 Uncommon trap: reason=unstable_if action=reinterpret pc=0x000000001177a9bc method=jdk.internal.loader.URLClassPath$JarLoader.getResource(Ljava/lang/String;ZLjava/util/Set;)Ljdk/internal/loader/Resource; @ 17 c2
Event: 5.074 Thread 0x000000000033a000 Uncommon trap: reason=unstable_if action=reinterpret pc=0x000000001177e2f4 method=java.lang.String.replace(CC)Ljava/lang/String; @ 2 c2
Event: 5.118 Thread 0x000000005f703000 Uncommon trap: reason=unstable_if action=reinterpret pc=0x0000000011784b34 method=java.lang.CharacterDataLatin1.digit(II)I @ 12 c2
Event: 5.654 Thread 0x000000000033a000 Uncommon trap: reason=unstable_if action=reinterpret pc=0x0000000011751bf0 method=jdk.internal.org.objectweb.asm.Type.getArgumentsAndReturnSizes(Ljava/lang/String;)I @ 41 c2
Event: 6.577 Thread 0x0000000060458000 Uncommon trap: reason=intrinsic_or_type_checked_inlining action=make_not_entrant pc=0x00000000117c6ab4 method=java.util.Arrays.copyOf([Ljava/lang/Object;ILjava/lang/Class;)[Ljava/lang/Object; @ 35 c2
Event: 11.986 Thread 0x000000000033a000 Uncommon trap: reason=unstable_if action=reinterpret pc=0x00000000117a2440 method=java.util.concurrent.ConcurrentHashMap.putVal(Ljava/lang/Object;Ljava/lang/Object;Z)Ljava/lang/Object; @ 256 c2

Classes redefined (0 events):
No events

Internal exceptions (10 events):
Event: 5.138 Thread 0x000000005fe8a000 Exception <a 'java/lang/NoSuchMethodError'{0x00000000e2ea2e80}: java.lang.invoke.DirectMethodHandle$Holder.invokeStaticInit(Ljava/lang/Object;Ljava/lang/Object;JLjava/lang/Object;)Ljava/lang/Object;> (0x00000000e2ea2e80) thrown at [./open/src/hotspot/shar
Event: 5.654 Thread 0x000000000033a000 Exception <a 'java/lang/NoSuchMethodError'{0x00000000e2d8ad30}: java.lang.invoke.DirectMethodHandle$Holder.invokeVirtual(Ljava/lang/Object;Ljava/lang/Object;)D> (0x00000000e2d8ad30) thrown at [./open/src/hotspot/share/interpreter/linkResolver.cpp, line 77
Event: 5.655 Thread 0x000000000033a000 Exception <a 'java/lang/NoSuchMethodError'{0x00000000e2d90d90}: java.lang.invoke.DirectMethodHandle$Holder.invokeVirtual(Ljava/lang/Object;Ljava/lang/Object;)F> (0x00000000e2d90d90) thrown at [./open/src/hotspot/share/interpreter/linkResolver.cpp, line 77
Event: 5.657 Thread 0x000000000033a000 Exception <a 'java/lang/NoSuchMethodError'{0x00000000e2d994d0}: java.lang.invoke.DirectMethodHandle$Holder.invokeVirtual(Ljava/lang/Object;Ljava/lang/Object;)J> (0x00000000e2d994d0) thrown at [./open/src/hotspot/share/interpreter/linkResolver.cpp, line 77
Event: 5.789 Thread 0x000000000033a000 Exception <a 'java/lang/NoSuchMethodError'{0x00000000e2b10ac0}: java.lang.invoke.DirectMethodHandle$Holder.invokeStatic(Ljava/lang/Object;Ljava/lang/Object;I)V> (0x00000000e2b10ac0) thrown at [./open/src/hotspot/share/interpreter/linkResolver.cpp, line 77
Event: 5.868 Thread 0x000000000033a000 Exception <a 'java/lang/NoSuchMethodError'{0x00000000e2adbe08}: java.lang.invoke.DirectMethodHandle$Holder.invokeSpecialIFC(Ljava/lang/Object;Ljava/lang/Object;Ljava/lang/Object;)I> (0x00000000e2adbe08) thrown at [./open/src/hotspot/share/interpreter/link
Event: 6.107 Thread 0x000000000033a000 Exception <a 'java/lang/NoSuchMethodError'{0x00000000e3385188}: java.lang.invoke.DirectMethodHandle$Holder.invokeSpecial(Ljava/lang/Object;Ljava/lang/Object;Ljava/lang/Object;Ljava/lang/Object;Ljava/lang/Object;Ljava/lang/Object;)V> (0x00000000e3385188) t
Event: 11.937 Thread 0x000000000033a000 Exception <a 'java/lang/NoSuchMethodError'{0x00000000e35642f8}: java.lang.invoke.DirectMethodHandle$Holder.invokeSpecialIFC(Ljava/lang/Object;Ljava/lang/Object;Ljava/lang/Object;)Ljava/lang/Object;> (0x00000000e35642f8) thrown at [./open/src/hotspot/share
Event: 12.018 Thread 0x000000000033a000 Exception <a 'java/lang/ClassNotFoundException'{0x00000000e344b4a8}: sun/util/logging/resources/spi/loggingProvider> (0x00000000e344b4a8) thrown at [./open/src/hotspot/share/classfile/systemDictionary.cpp, line 226]
Event: 12.241 Thread 0x000000000033a000 Exception <a 'java/lang/reflect/InvocationTargetException'{0x00000000e32755f8}> (0x00000000e32755f8) thrown at [./open/src/hotspot/share/runtime/reflection.cpp, line 1242]

Events (10 events):
Event: 12.245 loading class java/lang/Throwable$PrintStreamOrWriter done
Event: 12.245 loading class java/lang/Throwable$WrappedPrintWriter done
Event: 12.247 Executing VM operation: RevokeBias
Event: 12.247 Executing VM operation: RevokeBias done
Event: 12.247 Executing VM operation: RevokeBias
Event: 12.247 Executing VM operation: RevokeBias done
Event: 12.248 loading class org/testng/remote/strprotocol/MessageHelper
Event: 12.248 loading class org/testng/remote/strprotocol/MessageHelper done
Event: 12.264 loading class org/testng/shaded/com/google/gson/internal/$Gson$Types$GenericArrayTypeImpl
Event: 12.264 loading class org/testng/shaded/com/google/gson/internal/$Gson$Types$GenericArrayTypeImpl done


Dynamic libraries:
0x000000013f900000 - 0x000000013f90f000 	C:\Program Files\Java\jdk-11.0.15\bin\javaw.exe
0x00000000771e0000 - 0x0000000077389000 	C:\Windows\SYSTEM32\ntdll.dll
0x0000000076fc0000 - 0x00000000770df000 	C:\Windows\system32\kernel32.dll
0x000007fefd220000 - 0x000007fefd28b000 	C:\Windows\system32\KERNELBASE.dll
0x000007fef5640000 - 0x000007fef5658000 	C:\Program Files\Java\jdk-11.0.15\bin\jli.dll
0x000007fefd8c0000 - 0x000007fefd99b000 	C:\Windows\system32\ADVAPI32.dll
0x000007fefe880000 - 0x000007fefe91f000 	C:\Windows\system32\msvcrt.dll
0x000007fefd800000 - 0x000007fefd81f000 	C:\Windows\SYSTEM32\sechost.dll
0x000007fefebb0000 - 0x000007fefecdd000 	C:\Windows\system32\RPCRT4.dll
0x000007fefbda0000 - 0x000007fefbf94000 	C:\Windows\WinSxS\amd64_microsoft.windows.common-controls_6595b64144ccf1df_6.0.7601.17514_none_fa396087175ac9ac\COMCTL32.dll
0x000007fefda80000 - 0x000007fefdae7000 	C:\Windows\system32\GDI32.dll
0x00000000770e0000 - 0x00000000771da000 	C:\Windows\system32\USER32.dll
0x000007fefd7f0000 - 0x000007fefd7fe000 	C:\Windows\system32\LPK.dll
0x000007fefe960000 - 0x000007fefea29000 	C:\Windows\system32\USP10.dll
0x000007feff470000 - 0x000007feff4e1000 	C:\Windows\system32\SHLWAPI.dll
0x000007fefc290000 - 0x000007fefc29c000 	C:\Windows\system32\VERSION.dll
0x000007fef5620000 - 0x000007fef5635000 	C:\Program Files\Java\jdk-11.0.15\bin\VCRUNTIME140.dll
0x000007fef5610000 - 0x000007fef5614000 	C:\Program Files\Java\jdk-11.0.15\bin\api-ms-win-crt-runtime-l1-1-0.dll
0x000007fef4a20000 - 0x000007fef4b1a000 	C:\Program Files\Java\jdk-11.0.15\bin\ucrtbase.DLL
0x000007fef5600000 - 0x000007fef5603000 	C:\Program Files\Java\jdk-11.0.15\bin\api-ms-win-core-localization-l1-2-0.dll
0x000007fef4a10000 - 0x000007fef4a13000 	C:\Program Files\Java\jdk-11.0.15\bin\api-ms-win-core-processthreads-l1-1-1.dll
0x000007fef4a00000 - 0x000007fef4a03000 	C:\Program Files\Java\jdk-11.0.15\bin\api-ms-win-core-file-l1-2-0.dll
0x000007fef49f0000 - 0x000007fef49f3000 	C:\Program Files\Java\jdk-11.0.15\bin\api-ms-win-core-timezone-l1-1-0.dll
0x000007fef49e0000 - 0x000007fef49e3000 	C:\Program Files\Java\jdk-11.0.15\bin\api-ms-win-core-file-l2-1-0.dll
0x000007fef49d0000 - 0x000007fef49d3000 	C:\Program Files\Java\jdk-11.0.15\bin\api-ms-win-core-synch-l1-2-0.dll
0x000007fef49c0000 - 0x000007fef49c3000 	C:\Program Files\Java\jdk-11.0.15\bin\api-ms-win-crt-heap-l1-1-0.dll
0x000007fef49b0000 - 0x000007fef49b4000 	C:\Program Files\Java\jdk-11.0.15\bin\api-ms-win-crt-string-l1-1-0.dll
0x000007fef49a0000 - 0x000007fef49a4000 	C:\Program Files\Java\jdk-11.0.15\bin\api-ms-win-crt-stdio-l1-1-0.dll
0x000007fef4990000 - 0x000007fef4994000 	C:\Program Files\Java\jdk-11.0.15\bin\api-ms-win-crt-convert-l1-1-0.dll
0x000007fef4980000 - 0x000007fef4983000 	C:\Program Files\Java\jdk-11.0.15\bin\api-ms-win-crt-environment-l1-1-0.dll
0x000007fef4970000 - 0x000007fef4973000 	C:\Program Files\Java\jdk-11.0.15\bin\api-ms-win-crt-filesystem-l1-1-0.dll
0x000007fef4960000 - 0x000007fef4965000 	C:\Program Files\Java\jdk-11.0.15\bin\api-ms-win-crt-math-l1-1-0.dll
0x000007fef4950000 - 0x000007fef4953000 	C:\Program Files\Java\jdk-11.0.15\bin\api-ms-win-crt-locale-l1-1-0.dll
0x000007fefe920000 - 0x000007fefe94e000 	C:\Windows\system32\IMM32.DLL
0x000007feff0e0000 - 0x000007feff1e9000 	C:\Windows\system32\MSCTF.dll
0x000007fef48b0000 - 0x000007fef494b000 	C:\Program Files\Java\jdk-11.0.15\bin\msvcp140.dll
0x000007fef48a0000 - 0x000007fef48a3000 	C:\Program Files\Java\jdk-11.0.15\bin\api-ms-win-crt-time-l1-1-0.dll
0x000007fef4890000 - 0x000007fef4893000 	C:\Program Files\Java\jdk-11.0.15\bin\api-ms-win-crt-utility-l1-1-0.dll
0x000007fef2c90000 - 0x000007fef37a6000 	C:\Program Files\Java\jdk-11.0.15\bin\server\jvm.dll
0x000007fef7720000 - 0x000007fef7729000 	C:\Windows\system32\WSOCK32.dll
0x000007feff090000 - 0x000007feff0dd000 	C:\Windows\system32\WS2_32.dll
0x000007fefe950000 - 0x000007fefe958000 	C:\Windows\system32\NSI.dll
0x000007fef80b0000 - 0x000007fef80eb000 	C:\Windows\system32\WINMM.dll
0x00000000773b0000 - 0x00000000773b7000 	C:\Windows\system32\PSAPI.DLL
0x000007fef4880000 - 0x000007fef4890000 	C:\Program Files\Java\jdk-11.0.15\bin\verify.dll
0x000007fef5ed0000 - 0x000007fef5ff5000 	C:\Windows\system32\DBGHELP.DLL
0x000007fef4850000 - 0x000007fef4878000 	C:\Program Files\Java\jdk-11.0.15\bin\java.dll
0x000007fef4840000 - 0x000007fef484a000 	C:\Program Files\Java\jdk-11.0.15\bin\jimage.dll
0x000007fef4820000 - 0x000007fef4836000 	C:\Program Files\Java\jdk-11.0.15\bin\zip.dll
0x000007fefdaf0000 - 0x000007fefe878000 	C:\Windows\system32\SHELL32.dll
0x000007fefd500000 - 0x000007fefd703000 	C:\Windows\system32\ole32.dll
0x000007fefd130000 - 0x000007fefd13f000 	C:\Windows\system32\profapi.dll
0x000007fef4800000 - 0x000007fef4819000 	C:\Program Files\Java\jdk-11.0.15\bin\net.dll
0x000007fef85f0000 - 0x000007fef8661000 	C:\Windows\system32\WINHTTP.dll
0x000007fef8570000 - 0x000007fef85d4000 	C:\Windows\system32\webio.dll
0x000007fefc960000 - 0x000007fefc9b5000 	C:\Windows\system32\mswsock.dll
0x000007fefc950000 - 0x000007fefc957000 	C:\Windows\System32\wship6.dll
0x000007fef47e0000 - 0x000007fef47f2000 	C:\Program Files\Java\jdk-11.0.15\bin\nio.dll
0x000007fefc360000 - 0x000007fefc367000 	C:\Windows\System32\wshtcpip.dll
0x000007fefc7e0000 - 0x000007fefc83b000 	C:\Windows\system32\DNSAPI.dll
0x000007fefaa00000 - 0x000007fefaa27000 	C:\Windows\system32\IPHLPAPI.DLL
0x000007fefa9f0000 - 0x000007fefa9fb000 	C:\Windows\system32\WINNSI.DLL
0x000007fef7340000 - 0x000007fef7348000 	C:\Windows\system32\rasadhlp.dll
0x000007fefa880000 - 0x000007fefa8d3000 	C:\Windows\System32\fwpuclnt.dll
0x000007fefc9c0000 - 0x000007fefc9d7000 	C:\Windows\system32\CRYPTSP.dll
0x000007fefc6c0000 - 0x000007fefc707000 	C:\Windows\system32\rsaenh.dll
0x000007fefc470000 - 0x000007fefc48e000 	C:\Windows\system32\USERENV.dll
0x000007fefd060000 - 0x000007fefd06f000 	C:\Windows\system32\CRYPTBASE.dll
0x000007fefa700000 - 0x000007fefa718000 	C:\Windows\system32\dhcpcsvc.DLL
0x000007fefa670000 - 0x000007fefa681000 	C:\Windows\system32\dhcpcsvc6.DLL
0x000007fef1c10000 - 0x000007fef1c19000 	C:\Program Files\Java\jdk-11.0.15\bin\management.dll
0x000007fef1c00000 - 0x000007fef1c0b000 	C:\Program Files\Java\jdk-11.0.15\bin\management_ext.dll
0x000007fef1c40000 - 0x000007fef1c4d000 	C:\Program Files\Java\jdk-11.0.15\bin\sunmscapi.dll
0x000007fefd290000 - 0x000007fefd3f7000 	C:\Windows\system32\CRYPT32.dll
0x000007fefd1d0000 - 0x000007fefd1df000 	C:\Windows\system32\MSASN1.dll
0x000007fefcb40000 - 0x000007fefcb8e000 	C:\Windows\system32\ncrypt.dll
0x000007fefcb10000 - 0x000007fefcb32000 	C:\Windows\system32\bcrypt.dll
0x000007fef1c70000 - 0x000007fef1c95000 	C:\Program Files\Java\jdk-11.0.15\bin\sunec.dll
0x000007fefcfc0000 - 0x000007fefd017000 	C:\Windows\system32\apphelp.dll
0x000007fefafd0000 - 0x000007fefafe5000 	C:\Windows\system32\NLAapi.dll
0x000007fefade0000 - 0x000007fefadf5000 	C:\Windows\system32\napinsp.dll
0x000007fefadc0000 - 0x000007fefadd9000 	C:\Windows\system32\pnrpnsp.dll
0x000007fefaf00000 - 0x000007fefaf0b000 	C:\Windows\System32\winrnr.dll
0x000007fef6240000 - 0x000007fef6250000 	C:\Windows\system32\wshbth.dll

dbghelp: loaded successfully - version: 4.0.5 - missing functions: none
symbol engine: initialized successfully - sym options: 0x614 - pdb path: .;C:\Program Files\Java\jdk-11.0.15\bin;C:\Windows\SYSTEM32;C:\Windows\WinSxS\amd64_microsoft.windows.common-controls_6595b64144ccf1df_6.0.7601.17514_none_fa396087175ac9ac;C:\Program Files\Java\jdk-11.0.15\bin\server

VM Arguments:
jvm_args: -ea -Dfile.encoding=Cp1252 
java_command: org.testng.remote.RemoteTestNG -serport 59910 -protocol json -d C:\Users\ASK\eclipse-workspace\JavaProjects\FreeCRMTest\test-output C:\Users\ASK\AppData\Local\Temp\testng-eclipse--966882462\testng-customsuite.xml
java_class_path (initial): C:\Users\ASK\Downloads\Eclipse\configuration\org.eclipse.osgi\946\0\.cp\lib\testng-remote.jar;C:\Users\ASK\eclipse-workspace\JavaProjects\FreeCRMTest\target\test-classes;C:\Users\ASK\eclipse-workspace\JavaProjects\FreeCRMTest\target\classes;C:\Users\ASK\.m2\repository\org\seleniumhq\selenium\selenium-java\4.3.0\selenium-java-4.3.0.jar;C:\Users\ASK\.m2\repository\org\seleniumhq\selenium\selenium-api\4.3.0\selenium-api-4.3.0.jar;C:\Users\ASK\.m2\repository\org\seleniumhq\selenium\selenium-chrome-driver\4.3.0\selenium-chrome-driver-4.3.0.jar;C:\Users\ASK\.m2\repository\com\google\auto\service\auto-service-annotations\1.0.1\auto-service-annotations-1.0.1.jar;C:\Users\ASK\.m2\repository\com\google\auto\service\auto-service\1.0.1\auto-service-1.0.1.jar;C:\Users\ASK\.m2\repository\com\google\auto\auto-common\1.2\auto-common-1.2.jar;C:\Users\ASK\.m2\repository\com\google\guava\guava\31.1-jre\guava-31.1-jre.jar;C:\Users\ASK\.m2\repository\com\google\guava\failureaccess\1.0.1\failureaccess-1.0.1.jar;C:\Users\ASK\.m2\repository\com\google\guava\listenablefuture\9999.0-empty-to-avoid-conflict-with-guava\listenablefuture-9999.0-empty-to-avoid-conflict-with-guava.jar;C:\Users\ASK\.m2\repository\org\checkerframework\checker-qual\3.12.0\checker-qual-3.12.0.jar;C:\Users\ASK\.m2\repository\com\google\errorprone\error_prone_annotations\2.11.0\error_prone_annotations-2.11.0.jar;C:\Users\ASK\.m2\repository\com\google\j2objc\j2objc-annotations\1.3\j2objc-annotations-1.3.jar;C:\Users\ASK\.m2\repository\org\seleniumhq\selenium\selenium-chromium-driver\4.3.0\selenium-chromium-driver-4.3.0.jar;C:\Users\ASK\.m2\repository\org\seleniumhq\selenium\selenium-json\4.3.0\selenium-json-4.3.0.jar;C:\Users\ASK\.m2\repository\org\seleniumhq\selenium\selenium-devtools-v101\4.3.0\selenium-devtools-v101-4.3.0.jar;C:\Users\ASK\.m2\repository\org\seleniumhq\selenium\selenium-devtools-v102\4.3.0\selenium-devtools-v102-4.3.0.jar;C:\Users\ASK\.m2\repository\org\seleniumhq\selenium\
Launcher Type: SUN_STANDARD

[Global flags]
     intx CICompilerCount                          = 2                                         {product} {ergonomic}
     uint ConcGCThreads                            = 1                                         {product} {ergonomic}
     uint G1ConcRefinementThreads                  = 2                                         {product} {ergonomic}
   size_t G1HeapRegionSize                         = 1048576                                   {product} {ergonomic}
    uintx GCDrainStackTargetSize                   = 64                                        {product} {ergonomic}
   size_t InitialHeapSize                          = 33554432                                  {product} {ergonomic}
   size_t MarkStackSize                            = 4194304                                   {product} {ergonomic}
   size_t MaxHeapSize                              = 528482304                                 {product} {ergonomic}
   size_t MaxNewSize                               = 316669952                                 {product} {ergonomic}
   size_t MinHeapDeltaBytes                        = 1048576                                   {product} {ergonomic}
    uintx NonNMethodCodeHeapSize                   = 5825164                                {pd product} {ergonomic}
    uintx NonProfiledCodeHeapSize                  = 122916538                              {pd product} {ergonomic}
    uintx ProfiledCodeHeapSize                     = 122916538                              {pd product} {ergonomic}
    uintx ReservedCodeCacheSize                    = 251658240                              {pd product} {ergonomic}
     bool SegmentedCodeCache                       = true                                      {product} {ergonomic}
     bool UseCompressedClassPointers               = true                                 {lp64_product} {ergonomic}
     bool UseCompressedOops                        = true                                 {lp64_product} {ergonomic}
     bool UseG1GC                                  = true                                      {product} {ergonomic}
     bool UseLargePagesIndividualAllocation        = false                                  {pd product} {ergonomic}

Logging:
Log output configuration:
 #0: stdout all=warning uptime,level,tags
 #1: stderr all=off uptime,level,tags

Environment Variables:
PATH=C:\Program Files\Common Files\Oracle\Java\javapath;C:\Windows\system32;C:\Windows;C:\Windows\System32\Wbem;C:\Windows\System32\WindowsPowerShell\v1.0\:C:\Users\ASK\eclipse-workspace\WebdriverFirstProject\JarFiles\Maven\apache-maven-3.8.6\bin;C:\Program Files\Git\cmd
USERNAME=ASK
OS=Windows_NT
PROCESSOR_IDENTIFIER=Intel64 Family 6 Model 23 Stepping 10, GenuineIntel



---------------  S Y S T E M  ---------------

OS: Windows 7 , 64 bit Build 7601 (6.1.7601.17514)

CPU:total 2 (initial active 2) (2 cores per cpu, 1 threads per core) family 6 model 23 stepping 10 microcode 0x0, cmov, cx8, fxsr, mmx, sse, sse2, sse3, ssse3, sse4.1, tsc

Memory: 4k page, system-wide physical 2012M (280M free)
TotalPageFile size 8049M (AvailPageFile size 4M)
current process WorkingSet (physical memory assigned to process): 136M, peak: 137M
current process commit charge ("private bytes"): 173M, peak: 177M

vm_info: Java HotSpot(TM) 64-Bit Server VM (11.0.15+8-LTS-149) for windows-amd64 JRE (11.0.15+8-LTS-149), built on Mar  9 2022 22:42:32 by "mach5one" with MS VC++ 15.9 (VS2017)

END.
